[35m[1mConsolidate compiler generated dependencies of target sub_node[0m
[ 50%] Built target pub_node
[ 75%] [32mBuilding CXX object CMakeFiles/sub_node.dir/src/sub_node.cpp.o[0m
[100%] [32m[1mLinking CXX executable sub_node[0m
[100%] Built target sub_node
-- Install configuration: ""
-- Up-to-date: /home/yu/colcon_ws/src/my_first_ros_rclcpp_pkg/install/my_first_ros_rclcpp_pkg/lib/my_first_ros_rclcpp_pkg/pub_node
-- Installing: /home/yu/colcon_ws/src/my_first_ros_rclcpp_pkg/install/my_first_ros_rclcpp_pkg/lib/my_first_ros_rclcpp_pkg/sub_node
-- Set runtime path of "/home/yu/colcon_ws/src/my_first_ros_rclcpp_pkg/install/my_first_ros_rclcpp_pkg/lib/my_first_ros_rclcpp_pkg/sub_node" to ""
-- Up-to-date: /home/yu/colcon_ws/src/my_first_ros_rclcpp_pkg/install/my_first_ros_rclcpp_pkg/share/ament_index/resource_index/package_run_dependencies/my_first_ros_rclcpp_pkg
-- Up-to-date: /home/yu/colcon_ws/src/my_first_ros_rclcpp_pkg/install/my_first_ros_rclcpp_pkg/share/ament_index/resource_index/parent_prefix_path/my_first_ros_rclcpp_pkg
-- Up-to-date: /home/yu/colcon_ws/src/my_first_ros_rclcpp_pkg/install/my_first_ros_rclcpp_pkg/share/my_first_ros_rclcpp_pkg/environment/ament_prefix_path.sh
-- Up-to-date: /home/yu/colcon_ws/src/my_first_ros_rclcpp_pkg/install/my_first_ros_rclcpp_pkg/share/my_first_ros_rclcpp_pkg/environment/ament_prefix_path.dsv
-- Up-to-date: /home/yu/colcon_ws/src/my_first_ros_rclcpp_pkg/install/my_first_ros_rclcpp_pkg/share/my_first_ros_rclcpp_pkg/environment/path.sh
-- Up-to-date: /home/yu/colcon_ws/src/my_first_ros_rclcpp_pkg/install/my_first_ros_rclcpp_pkg/share/my_first_ros_rclcpp_pkg/environment/path.dsv
-- Up-to-date: /home/yu/colcon_ws/src/my_first_ros_rclcpp_pkg/install/my_first_ros_rclcpp_pkg/share/my_first_ros_rclcpp_pkg/local_setup.bash
-- Up-to-date: /home/yu/colcon_ws/src/my_first_ros_rclcpp_pkg/install/my_first_ros_rclcpp_pkg/share/my_first_ros_rclcpp_pkg/local_setup.sh
-- Up-to-date: /home/yu/colcon_ws/src/my_first_ros_rclcpp_pkg/install/my_first_ros_rclcpp_pkg/share/my_first_ros_rclcpp_pkg/local_setup.zsh
-- Up-to-date: /home/yu/colcon_ws/src/my_first_ros_rclcpp_pkg/install/my_first_ros_rclcpp_pkg/share/my_first_ros_rclcpp_pkg/local_setup.dsv
-- Installing: /home/yu/colcon_ws/src/my_first_ros_rclcpp_pkg/install/my_first_ros_rclcpp_pkg/share/my_first_ros_rclcpp_pkg/package.dsv
-- Up-to-date: /home/yu/colcon_ws/src/my_first_ros_rclcpp_pkg/install/my_first_ros_rclcpp_pkg/share/ament_index/resource_index/packages/my_first_ros_rclcpp_pkg
-- Up-to-date: /home/yu/colcon_ws/src/my_first_ros_rclcpp_pkg/install/my_first_ros_rclcpp_pkg/share/my_first_ros_rclcpp_pkg/cmake/my_first_ros_rclcpp_pkgConfig.cmake
-- Up-to-date: /home/yu/colcon_ws/src/my_first_ros_rclcpp_pkg/install/my_first_ros_rclcpp_pkg/share/my_first_ros_rclcpp_pkg/cmake/my_first_ros_rclcpp_pkgConfig-version.cmake
-- Up-to-date: /home/yu/colcon_ws/src/my_first_ros_rclcpp_pkg/install/my_first_ros_rclcpp_pkg/share/my_first_ros_rclcpp_pkg/package.xml
