[0.160s] DEBUG:colcon:Command line arguments: ['/usr/bin/colcon', 'build', '--symlink-install', '--packages-select', 'custom_interfaces']
[0.160s] DEBUG:colcon:Parsed command line arguments: Namespace(log_base=None, log_level=None, verb_name='build', build_base='build', install_base='install', merge_install=False, symlink_install=True, test_result_base=None, continue_on_error=False, executor='parallel', parallel_workers=8, event_handlers=None, ignore_user_meta=False, metas=['./colcon.meta'], base_paths=['.'], packages_ignore=None, packages_ignore_regex=None, paths=None, packages_up_to=None, packages_up_to_regex=None, packages_above=None, packages_above_and_dependencies=None, packages_above_depth=None, packages_select_by_dep=None, packages_skip_by_dep=None, packages_skip_up_to=None, packages_select_build_failed=False, packages_skip_build_finished=False, packages_select_test_failures=False, packages_skip_test_passed=False, packages_select=['custom_interfaces'], packages_skip=None, packages_select_regex=None, packages_skip_regex=None, packages_start=None, packages_end=None, allow_overriding=[], cmake_args=None, cmake_target=None, cmake_target_skip_unavailable=False, cmake_clean_cache=False, cmake_clean_first=False, cmake_force_configure=False, ament_cmake_args=None, catkin_cmake_args=None, catkin_skip_building_tests=False, mixin_files=None, mixin=None, verb_parser=<colcon_mixin.mixin.mixin_argument.MixinArgumentDecorator object at 0x7ff7e3736d70>, verb_extension=<colcon_core.verb.build.BuildVerb object at 0x7ff7e37368c0>, main=<bound method BuildVerb.main of <colcon_core.verb.build.BuildVerb object at 0x7ff7e37368c0>>, mixin_verb=('build',))
[0.357s] Level 1:colcon.colcon_core.package_discovery:discover_packages(colcon_meta) check parameters
[0.358s] Level 1:colcon.colcon_core.package_discovery:discover_packages(recursive) check parameters
[0.358s] Level 1:colcon.colcon_core.package_discovery:discover_packages(ignore) check parameters
[0.358s] Level 1:colcon.colcon_core.package_discovery:discover_packages(path) check parameters
[0.358s] Level 1:colcon.colcon_core.package_discovery:discover_packages(colcon_meta) discover
[0.358s] Level 1:colcon.colcon_core.package_discovery:discover_packages(recursive) discover
[0.358s] INFO:colcon.colcon_core.package_discovery:Crawling recursively for packages in '/home/yu/colcon_ws/src/custom_interfaces'
[0.358s] Level 1:colcon.colcon_core.package_identification:_identify(.) by extensions ['ignore', 'ignore_ament_install']
[0.358s] Level 1:colcon.colcon_core.package_identification:_identify(.) by extension 'ignore'
[0.358s] Level 1:colcon.colcon_core.package_identification:_identify(.) by extension 'ignore_ament_install'
[0.358s] Level 1:colcon.colcon_core.package_identification:_identify(.) by extensions ['colcon_pkg']
[0.358s] Level 1:colcon.colcon_core.package_identification:_identify(.) by extension 'colcon_pkg'
[0.358s] Level 1:colcon.colcon_core.package_identification:_identify(.) by extensions ['colcon_meta']
[0.358s] Level 1:colcon.colcon_core.package_identification:_identify(.) by extension 'colcon_meta'
[0.358s] Level 1:colcon.colcon_core.package_identification:_identify(.) by extensions ['ros']
[0.358s] Level 1:colcon.colcon_core.package_identification:_identify(.) by extension 'ros'
[0.376s] DEBUG:colcon.colcon_core.package_identification:Package '.' with type 'ros.ament_cmake' and name 'custom_interfaces'
[0.376s] Level 1:colcon.colcon_core.package_discovery:discover_packages(recursive) using defaults
[0.376s] Level 1:colcon.colcon_core.package_discovery:discover_packages(ignore) discover
[0.376s] Level 1:colcon.colcon_core.package_discovery:discover_packages(ignore) using defaults
[0.376s] Level 1:colcon.colcon_core.package_discovery:discover_packages(path) discover
[0.376s] Level 1:colcon.colcon_core.package_discovery:discover_packages(path) using defaults
[0.416s] Level 1:colcon.colcon_core.package_discovery:discover_packages(prefix_path) check parameters
[0.416s] Level 1:colcon.colcon_core.package_discovery:discover_packages(prefix_path) discover
[0.417s] WARNING:colcon.colcon_ros.prefix_path.ament:The path '/home/yu/colcon_ws/install/pubsub_cpp' in the environment variable AMENT_PREFIX_PATH doesn't exist
[0.417s] WARNING:colcon.colcon_ros.prefix_path.ament:The path '/home/yu/colcon_ws/install/pkg_example' in the environment variable AMENT_PREFIX_PATH doesn't exist
[0.417s] WARNING:colcon.colcon_ros.prefix_path.ament:The path '/home/yu/colcon_ws/install/my_first_ros_rclpy_pkg' in the environment variable AMENT_PREFIX_PATH doesn't exist
[0.417s] WARNING:colcon.colcon_ros.prefix_path.ament:The path '/home/yu/colcon_ws/install/my_first_ros_rclcpp_pkg' in the environment variable AMENT_PREFIX_PATH doesn't exist
[0.417s] WARNING:colcon.colcon_ros.prefix_path.ament:The path '/home/yu/colcon_ws/install/custom_interfaces' in the environment variable AMENT_PREFIX_PATH doesn't exist
[0.417s] WARNING:colcon.colcon_ros.prefix_path.catkin:The path '/home/yu/colcon_ws/install/pubsub_cpp' in the environment variable CMAKE_PREFIX_PATH doesn't exist
[0.417s] WARNING:colcon.colcon_ros.prefix_path.catkin:The path '/home/yu/colcon_ws/install/pkg_example' in the environment variable CMAKE_PREFIX_PATH doesn't exist
[0.418s] WARNING:colcon.colcon_ros.prefix_path.catkin:The path '/home/yu/colcon_ws/install/my_first_ros_rclcpp_pkg' in the environment variable CMAKE_PREFIX_PATH doesn't exist
[0.418s] WARNING:colcon.colcon_ros.prefix_path.catkin:The path '/home/yu/colcon_ws/install/custom_interfaces' in the environment variable CMAKE_PREFIX_PATH doesn't exist
[0.419s] DEBUG:colcon.colcon_installed_package_information.package_discovery:Found 1 installed packages in /home/yu/colcon_ws/install
[0.419s] DEBUG:colcon.colcon_installed_package_information.package_discovery:Found 3 installed packages in /home/yu/ros2_ws/install
[0.420s] DEBUG:colcon.colcon_installed_package_information.package_discovery:Found 271 installed packages in /opt/ros/humble
[0.422s] Level 1:colcon.colcon_core.package_discovery:discover_packages(prefix_path) using defaults
[0.467s] Level 5:colcon.colcon_core.verb:set package 'custom_interfaces' build argument 'cmake_args' from command line to 'None'
[0.467s] Level 5:colcon.colcon_core.verb:set package 'custom_interfaces' build argument 'cmake_target' from command line to 'None'
[0.467s] Level 5:colcon.colcon_core.verb:set package 'custom_interfaces' build argument 'cmake_target_skip_unavailable' from command line to 'False'
[0.467s] Level 5:colcon.colcon_core.verb:set package 'custom_interfaces' build argument 'cmake_clean_cache' from command line to 'False'
[0.467s] Level 5:colcon.colcon_core.verb:set package 'custom_interfaces' build argument 'cmake_clean_first' from command line to 'False'
[0.468s] Level 5:colcon.colcon_core.verb:set package 'custom_interfaces' build argument 'cmake_force_configure' from command line to 'False'
[0.468s] Level 5:colcon.colcon_core.verb:set package 'custom_interfaces' build argument 'ament_cmake_args' from command line to 'None'
[0.468s] Level 5:colcon.colcon_core.verb:set package 'custom_interfaces' build argument 'catkin_cmake_args' from command line to 'None'
[0.468s] Level 5:colcon.colcon_core.verb:set package 'custom_interfaces' build argument 'catkin_skip_building_tests' from command line to 'False'
[0.468s] DEBUG:colcon.colcon_core.verb:Building package 'custom_interfaces' with the following arguments: {'ament_cmake_args': None, 'build_base': '/home/yu/colcon_ws/src/custom_interfaces/build/custom_interfaces', 'catkin_cmake_args': None, 'catkin_skip_building_tests': False, 'cmake_args': None, 'cmake_clean_cache': False, 'cmake_clean_first': False, 'cmake_force_configure': False, 'cmake_target': None, 'cmake_target_skip_unavailable': False, 'install_base': '/home/yu/colcon_ws/src/custom_interfaces/install/custom_interfaces', 'merge_install': False, 'path': '/home/yu/colcon_ws/src/custom_interfaces', 'symlink_install': True, 'test_result_base': None}
[0.468s] INFO:colcon.colcon_core.executor:Executing jobs using 'parallel' executor
[0.469s] DEBUG:colcon.colcon_parallel_executor.executor.parallel:run_until_complete
[0.470s] INFO:colcon.colcon_ros.task.ament_cmake.build:Building ROS package in '/home/yu/colcon_ws/src/custom_interfaces' with build type 'ament_cmake'
[0.470s] INFO:colcon.colcon_cmake.task.cmake.build:Building CMake package in '/home/yu/colcon_ws/src/custom_interfaces'
[0.472s] INFO:colcon.colcon_core.plugin_system:Skipping extension 'colcon_core.shell.bat': Not used on non-Windows systems
[0.473s] INFO:colcon.colcon_core.shell:Skip shell extension 'powershell' for command environment: Not usable outside of PowerShell
[0.473s] DEBUG:colcon.colcon_core.shell:Skip shell extension 'dsv' for command environment
[0.484s] DEBUG:colcon.colcon_core.event_handler.log_command:Invoking command in '/home/yu/colcon_ws/src/custom_interfaces/build/custom_interfaces': CMAKE_PREFIX_PATH=${CMAKE_PREFIX_PATH}:/home/yu/colcon_ws/install/my_first_ros_rclpy_pkg:/opt/ros/humble /usr/bin/cmake /home/yu/colcon_ws/src/custom_interfaces -DAMENT_CMAKE_SYMLINK_INSTALL=1 -DCMAKE_INSTALL_PREFIX=/home/yu/colcon_ws/src/custom_interfaces/install/custom_interfaces
[0.821s] DEBUG:colcon.colcon_core.event_handler.log_command:Invoked command in '/home/yu/colcon_ws/src/custom_interfaces/build/custom_interfaces' returned '1': CMAKE_PREFIX_PATH=${CMAKE_PREFIX_PATH}:/home/yu/colcon_ws/install/my_first_ros_rclpy_pkg:/opt/ros/humble /usr/bin/cmake /home/yu/colcon_ws/src/custom_interfaces -DAMENT_CMAKE_SYMLINK_INSTALL=1 -DCMAKE_INSTALL_PREFIX=/home/yu/colcon_ws/src/custom_interfaces/install/custom_interfaces
[0.837s] Level 1:colcon.colcon_core.environment:create_environment_scripts_only(custom_interfaces)
[0.841s] Level 1:colcon.colcon_core.environment:checking '/home/yu/colcon_ws/src/custom_interfaces/install/custom_interfaces' for CMake module files
[0.842s] Level 1:colcon.colcon_core.environment:checking '/home/yu/colcon_ws/src/custom_interfaces/install/custom_interfaces' for CMake config files
[0.842s] Level 1:colcon.colcon_core.environment:checking '/home/yu/colcon_ws/src/custom_interfaces/install/custom_interfaces/bin'
[0.842s] Level 1:colcon.colcon_core.environment:checking '/home/yu/colcon_ws/src/custom_interfaces/install/custom_interfaces/lib/pkgconfig/custom_interfaces.pc'
[0.843s] Level 1:colcon.colcon_core.environment:checking '/home/yu/colcon_ws/src/custom_interfaces/install/custom_interfaces/lib/python3.10/site-packages'
[0.843s] Level 1:colcon.colcon_core.environment:checking '/home/yu/colcon_ws/src/custom_interfaces/install/custom_interfaces/bin'
[0.843s] INFO:colcon.colcon_core.shell:Creating package script '/home/yu/colcon_ws/src/custom_interfaces/install/custom_interfaces/share/custom_interfaces/package.ps1'
[0.846s] INFO:colcon.colcon_core.shell:Creating package descriptor '/home/yu/colcon_ws/src/custom_interfaces/install/custom_interfaces/share/custom_interfaces/package.dsv'
[0.846s] INFO:colcon.colcon_core.shell:Creating package script '/home/yu/colcon_ws/src/custom_interfaces/install/custom_interfaces/share/custom_interfaces/package.sh'
[0.847s] INFO:colcon.colcon_core.shell:Creating package script '/home/yu/colcon_ws/src/custom_interfaces/install/custom_interfaces/share/custom_interfaces/package.bash'
[0.848s] INFO:colcon.colcon_core.shell:Creating package script '/home/yu/colcon_ws/src/custom_interfaces/install/custom_interfaces/share/custom_interfaces/package.zsh'
[0.850s] Level 1:colcon.colcon_core.environment:create_file_with_runtime_dependencies(/home/yu/colcon_ws/src/custom_interfaces/install/custom_interfaces/share/colcon-core/packages/custom_interfaces)
[0.861s] DEBUG:colcon.colcon_parallel_executor.executor.parallel:closing loop
[0.861s] DEBUG:colcon.colcon_parallel_executor.executor.parallel:loop closed
[0.861s] DEBUG:colcon.colcon_parallel_executor.executor.parallel:run_until_complete finished with '1'
[0.861s] DEBUG:colcon.colcon_core.event_reactor:joining thread
[0.875s] INFO:colcon.colcon_core.plugin_system:Skipping extension 'colcon_notification.desktop_notification.terminal_notifier': Not used on non-Darwin systems
[0.875s] INFO:colcon.colcon_core.plugin_system:Skipping extension 'colcon_notification.desktop_notification.win32': Not used on non-Windows systems
[0.876s] INFO:colcon.colcon_notification.desktop_notification:Sending desktop notification using 'notify2'
[0.889s] DEBUG:colcon.colcon_core.event_reactor:joined thread
[0.890s] INFO:colcon.colcon_core.shell:Creating prefix script '/home/yu/colcon_ws/src/custom_interfaces/install/local_setup.ps1'
[0.892s] INFO:colcon.colcon_core.shell:Creating prefix util module '/home/yu/colcon_ws/src/custom_interfaces/install/_local_setup_util_ps1.py'
[0.894s] INFO:colcon.colcon_core.shell:Creating prefix chain script '/home/yu/colcon_ws/src/custom_interfaces/install/setup.ps1'
[0.896s] INFO:colcon.colcon_core.shell:Creating prefix script '/home/yu/colcon_ws/src/custom_interfaces/install/local_setup.sh'
[0.897s] INFO:colcon.colcon_core.shell:Creating prefix util module '/home/yu/colcon_ws/src/custom_interfaces/install/_local_setup_util_sh.py'
[0.899s] INFO:colcon.colcon_core.shell:Creating prefix chain script '/home/yu/colcon_ws/src/custom_interfaces/install/setup.sh'
[0.901s] INFO:colcon.colcon_core.shell:Creating prefix script '/home/yu/colcon_ws/src/custom_interfaces/install/local_setup.bash'
[0.901s] INFO:colcon.colcon_core.shell:Creating prefix chain script '/home/yu/colcon_ws/src/custom_interfaces/install/setup.bash'
[0.904s] INFO:colcon.colcon_core.shell:Creating prefix script '/home/yu/colcon_ws/src/custom_interfaces/install/local_setup.zsh'
[0.905s] INFO:colcon.colcon_core.shell:Creating prefix chain script '/home/yu/colcon_ws/src/custom_interfaces/install/setup.zsh'
