[0.152s] DEBUG:colcon:Command line arguments: ['/usr/bin/colcon', 'build']
[0.152s] DEBUG:colcon:Parsed command line arguments: Namespace(log_base=None, log_level=None, verb_name='build', build_base='build', install_base='install', merge_install=False, symlink_install=False, test_result_base=None, continue_on_error=False, executor='parallel', parallel_workers=8, event_handlers=None, ignore_user_meta=False, metas=['./colcon.meta'], base_paths=['.'], packages_ignore=None, packages_ignore_regex=None, paths=None, packages_up_to=None, packages_up_to_regex=None, packages_above=None, packages_above_and_dependencies=None, packages_above_depth=None, packages_select_by_dep=None, packages_skip_by_dep=None, packages_skip_up_to=None, packages_select_build_failed=False, packages_skip_build_finished=False, packages_select_test_failures=False, packages_skip_test_passed=False, packages_select=None, packages_skip=None, packages_select_regex=None, packages_skip_regex=None, packages_start=None, packages_end=None, allow_overriding=[], cmake_args=None, cmake_target=None, cmake_target_skip_unavailable=False, cmake_clean_cache=False, cmake_clean_first=False, cmake_force_configure=False, ament_cmake_args=None, catkin_cmake_args=None, catkin_skip_building_tests=False, mixin_files=None, mixin=None, verb_parser=<colcon_mixin.mixin.mixin_argument.MixinArgumentDecorator object at 0x7eaf4d851a80>, verb_extension=<colcon_core.verb.build.BuildVerb object at 0x7eaf4d8515d0>, main=<bound method BuildVerb.main of <colcon_core.verb.build.BuildVerb object at 0x7eaf4d8515d0>>, mixin_verb=('build',))
[0.353s] Level 1:colcon.colcon_core.package_discovery:discover_packages(colcon_meta) check parameters
[0.353s] Level 1:colcon.colcon_core.package_discovery:discover_packages(recursive) check parameters
[0.353s] Level 1:colcon.colcon_core.package_discovery:discover_packages(ignore) check parameters
[0.353s] Level 1:colcon.colcon_core.package_discovery:discover_packages(path) check parameters
[0.353s] Level 1:colcon.colcon_core.package_discovery:discover_packages(colcon_meta) discover
[0.353s] Level 1:colcon.colcon_core.package_discovery:discover_packages(recursive) discover
[0.353s] INFO:colcon.colcon_core.package_discovery:Crawling recursively for packages in '/home/yu/colcon_ws/src/my_first_ros_rclcpp_pkg'
[0.354s] Level 1:colcon.colcon_core.package_identification:_identify(.) by extensions ['ignore', 'ignore_ament_install']
[0.354s] Level 1:colcon.colcon_core.package_identification:_identify(.) by extension 'ignore'
[0.354s] Level 1:colcon.colcon_core.package_identification:_identify(.) by extension 'ignore_ament_install'
[0.354s] Level 1:colcon.colcon_core.package_identification:_identify(.) by extensions ['colcon_pkg']
[0.354s] Level 1:colcon.colcon_core.package_identification:_identify(.) by extension 'colcon_pkg'
[0.354s] Level 1:colcon.colcon_core.package_identification:_identify(.) by extensions ['colcon_meta']
[0.354s] Level 1:colcon.colcon_core.package_identification:_identify(.) by extension 'colcon_meta'
[0.354s] Level 1:colcon.colcon_core.package_identification:_identify(.) by extensions ['ros']
[0.354s] Level 1:colcon.colcon_core.package_identification:_identify(.) by extension 'ros'
[0.373s] DEBUG:colcon.colcon_core.package_identification:Package '.' with type 'ros.ament_cmake' and name 'my_first_ros_rclcpp_pkg'
[0.374s] Level 1:colcon.colcon_core.package_discovery:discover_packages(recursive) using defaults
[0.374s] Level 1:colcon.colcon_core.package_discovery:discover_packages(ignore) discover
[0.374s] Level 1:colcon.colcon_core.package_discovery:discover_packages(ignore) using defaults
[0.374s] Level 1:colcon.colcon_core.package_discovery:discover_packages(path) discover
[0.374s] Level 1:colcon.colcon_core.package_discovery:discover_packages(path) using defaults
[0.415s] Level 1:colcon.colcon_core.package_discovery:discover_packages(prefix_path) check parameters
[0.415s] Level 1:colcon.colcon_core.package_discovery:discover_packages(prefix_path) discover
[0.418s] DEBUG:colcon.colcon_installed_package_information.package_discovery:Found 3 installed packages in /home/yu/colcon_ws/install
[0.418s] DEBUG:colcon.colcon_installed_package_information.package_discovery:Found 2 installed packages in /home/yu/ros2_ws/install
[0.420s] DEBUG:colcon.colcon_installed_package_information.package_discovery:Found 271 installed packages in /opt/ros/humble
[0.422s] Level 1:colcon.colcon_core.package_discovery:discover_packages(prefix_path) using defaults
[0.468s] Level 5:colcon.colcon_core.verb:set package 'my_first_ros_rclcpp_pkg' build argument 'cmake_args' from command line to 'None'
[0.468s] Level 5:colcon.colcon_core.verb:set package 'my_first_ros_rclcpp_pkg' build argument 'cmake_target' from command line to 'None'
[0.468s] Level 5:colcon.colcon_core.verb:set package 'my_first_ros_rclcpp_pkg' build argument 'cmake_target_skip_unavailable' from command line to 'False'
[0.468s] Level 5:colcon.colcon_core.verb:set package 'my_first_ros_rclcpp_pkg' build argument 'cmake_clean_cache' from command line to 'False'
[0.468s] Level 5:colcon.colcon_core.verb:set package 'my_first_ros_rclcpp_pkg' build argument 'cmake_clean_first' from command line to 'False'
[0.468s] Level 5:colcon.colcon_core.verb:set package 'my_first_ros_rclcpp_pkg' build argument 'cmake_force_configure' from command line to 'False'
[0.468s] Level 5:colcon.colcon_core.verb:set package 'my_first_ros_rclcpp_pkg' build argument 'ament_cmake_args' from command line to 'None'
[0.468s] Level 5:colcon.colcon_core.verb:set package 'my_first_ros_rclcpp_pkg' build argument 'catkin_cmake_args' from command line to 'None'
[0.468s] Level 5:colcon.colcon_core.verb:set package 'my_first_ros_rclcpp_pkg' build argument 'catkin_skip_building_tests' from command line to 'False'
[0.468s] DEBUG:colcon.colcon_core.verb:Building package 'my_first_ros_rclcpp_pkg' with the following arguments: {'ament_cmake_args': None, 'build_base': '/home/yu/colcon_ws/src/my_first_ros_rclcpp_pkg/build/my_first_ros_rclcpp_pkg', 'catkin_cmake_args': None, 'catkin_skip_building_tests': False, 'cmake_args': None, 'cmake_clean_cache': False, 'cmake_clean_first': False, 'cmake_force_configure': False, 'cmake_target': None, 'cmake_target_skip_unavailable': False, 'install_base': '/home/yu/colcon_ws/src/my_first_ros_rclcpp_pkg/install/my_first_ros_rclcpp_pkg', 'merge_install': False, 'path': '/home/yu/colcon_ws/src/my_first_ros_rclcpp_pkg', 'symlink_install': False, 'test_result_base': None}
[0.468s] INFO:colcon.colcon_core.executor:Executing jobs using 'parallel' executor
[0.470s] DEBUG:colcon.colcon_parallel_executor.executor.parallel:run_until_complete
[0.471s] INFO:colcon.colcon_ros.task.ament_cmake.build:Building ROS package in '/home/yu/colcon_ws/src/my_first_ros_rclcpp_pkg' with build type 'ament_cmake'
[0.471s] INFO:colcon.colcon_cmake.task.cmake.build:Building CMake package in '/home/yu/colcon_ws/src/my_first_ros_rclcpp_pkg'
[0.475s] INFO:colcon.colcon_core.plugin_system:Skipping extension 'colcon_core.shell.bat': Not used on non-Windows systems
[0.475s] INFO:colcon.colcon_core.shell:Skip shell extension 'powershell' for command environment: Not usable outside of PowerShell
[0.475s] DEBUG:colcon.colcon_core.shell:Skip shell extension 'dsv' for command environment
[0.488s] DEBUG:colcon.colcon_core.event_handler.log_command:Invoking command in '/home/yu/colcon_ws/src/my_first_ros_rclcpp_pkg/build/my_first_ros_rclcpp_pkg': CMAKE_PREFIX_PATH=${CMAKE_PREFIX_PATH}:/opt/ros/humble /usr/bin/cmake --build /home/yu/colcon_ws/src/my_first_ros_rclcpp_pkg/build/my_first_ros_rclcpp_pkg -- -j8 -l8
[12.477s] DEBUG:colcon.colcon_core.event_handler.log_command:Invoked command in '/home/yu/colcon_ws/src/my_first_ros_rclcpp_pkg/build/my_first_ros_rclcpp_pkg' returned '0': CMAKE_PREFIX_PATH=${CMAKE_PREFIX_PATH}:/opt/ros/humble /usr/bin/cmake --build /home/yu/colcon_ws/src/my_first_ros_rclcpp_pkg/build/my_first_ros_rclcpp_pkg -- -j8 -l8
[12.492s] DEBUG:colcon.colcon_core.event_handler.log_command:Invoking command in '/home/yu/colcon_ws/src/my_first_ros_rclcpp_pkg/build/my_first_ros_rclcpp_pkg': CMAKE_PREFIX_PATH=${CMAKE_PREFIX_PATH}:/opt/ros/humble /usr/bin/cmake --install /home/yu/colcon_ws/src/my_first_ros_rclcpp_pkg/build/my_first_ros_rclcpp_pkg
[12.515s] Level 1:colcon.colcon_core.environment:create_environment_scripts_only(my_first_ros_rclcpp_pkg)
[12.516s] DEBUG:colcon.colcon_core.event_handler.log_command:Invoked command in '/home/yu/colcon_ws/src/my_first_ros_rclcpp_pkg/build/my_first_ros_rclcpp_pkg' returned '0': CMAKE_PREFIX_PATH=${CMAKE_PREFIX_PATH}:/opt/ros/humble /usr/bin/cmake --install /home/yu/colcon_ws/src/my_first_ros_rclcpp_pkg/build/my_first_ros_rclcpp_pkg
[12.519s] Level 1:colcon.colcon_core.environment:checking '/home/yu/colcon_ws/src/my_first_ros_rclcpp_pkg/install/my_first_ros_rclcpp_pkg' for CMake module files
[12.519s] Level 1:colcon.colcon_core.environment:checking '/home/yu/colcon_ws/src/my_first_ros_rclcpp_pkg/install/my_first_ros_rclcpp_pkg' for CMake config files
[12.520s] Level 1:colcon.colcon_core.shell:create_environment_hook('my_first_ros_rclcpp_pkg', 'cmake_prefix_path')
[12.520s] INFO:colcon.colcon_core.shell:Creating environment hook '/home/yu/colcon_ws/src/my_first_ros_rclcpp_pkg/install/my_first_ros_rclcpp_pkg/share/my_first_ros_rclcpp_pkg/hook/cmake_prefix_path.ps1'
[12.521s] INFO:colcon.colcon_core.shell:Creating environment descriptor '/home/yu/colcon_ws/src/my_first_ros_rclcpp_pkg/install/my_first_ros_rclcpp_pkg/share/my_first_ros_rclcpp_pkg/hook/cmake_prefix_path.dsv'
[12.521s] INFO:colcon.colcon_core.shell:Creating environment hook '/home/yu/colcon_ws/src/my_first_ros_rclcpp_pkg/install/my_first_ros_rclcpp_pkg/share/my_first_ros_rclcpp_pkg/hook/cmake_prefix_path.sh'
[12.523s] Level 1:colcon.colcon_core.environment:checking '/home/yu/colcon_ws/src/my_first_ros_rclcpp_pkg/install/my_first_ros_rclcpp_pkg/lib'
[12.523s] Level 1:colcon.colcon_core.environment:checking '/home/yu/colcon_ws/src/my_first_ros_rclcpp_pkg/install/my_first_ros_rclcpp_pkg/bin'
[12.523s] Level 1:colcon.colcon_core.environment:checking '/home/yu/colcon_ws/src/my_first_ros_rclcpp_pkg/install/my_first_ros_rclcpp_pkg/lib/pkgconfig/my_first_ros_rclcpp_pkg.pc'
[12.528s] Level 1:colcon.colcon_core.environment:checking '/home/yu/colcon_ws/src/my_first_ros_rclcpp_pkg/install/my_first_ros_rclcpp_pkg/lib/python3.10/site-packages'
[12.528s] Level 1:colcon.colcon_core.environment:checking '/home/yu/colcon_ws/src/my_first_ros_rclcpp_pkg/install/my_first_ros_rclcpp_pkg/bin'
[12.528s] INFO:colcon.colcon_core.shell:Creating package script '/home/yu/colcon_ws/src/my_first_ros_rclcpp_pkg/install/my_first_ros_rclcpp_pkg/share/my_first_ros_rclcpp_pkg/package.ps1'
[12.529s] INFO:colcon.colcon_core.shell:Creating package descriptor '/home/yu/colcon_ws/src/my_first_ros_rclcpp_pkg/install/my_first_ros_rclcpp_pkg/share/my_first_ros_rclcpp_pkg/package.dsv'
[12.530s] INFO:colcon.colcon_core.shell:Creating package script '/home/yu/colcon_ws/src/my_first_ros_rclcpp_pkg/install/my_first_ros_rclcpp_pkg/share/my_first_ros_rclcpp_pkg/package.sh'
[12.531s] INFO:colcon.colcon_core.shell:Creating package script '/home/yu/colcon_ws/src/my_first_ros_rclcpp_pkg/install/my_first_ros_rclcpp_pkg/share/my_first_ros_rclcpp_pkg/package.bash'
[12.532s] INFO:colcon.colcon_core.shell:Creating package script '/home/yu/colcon_ws/src/my_first_ros_rclcpp_pkg/install/my_first_ros_rclcpp_pkg/share/my_first_ros_rclcpp_pkg/package.zsh'
[12.533s] Level 1:colcon.colcon_core.environment:create_file_with_runtime_dependencies(/home/yu/colcon_ws/src/my_first_ros_rclcpp_pkg/install/my_first_ros_rclcpp_pkg/share/colcon-core/packages/my_first_ros_rclcpp_pkg)
[12.534s] Level 1:colcon.colcon_core.environment:create_environment_scripts_only(my_first_ros_rclcpp_pkg)
[12.534s] Level 1:colcon.colcon_core.environment:checking '/home/yu/colcon_ws/src/my_first_ros_rclcpp_pkg/install/my_first_ros_rclcpp_pkg' for CMake module files
[12.534s] Level 1:colcon.colcon_core.environment:checking '/home/yu/colcon_ws/src/my_first_ros_rclcpp_pkg/install/my_first_ros_rclcpp_pkg' for CMake config files
[12.535s] Level 1:colcon.colcon_core.shell:create_environment_hook('my_first_ros_rclcpp_pkg', 'cmake_prefix_path')
[12.535s] INFO:colcon.colcon_core.shell:Creating environment hook '/home/yu/colcon_ws/src/my_first_ros_rclcpp_pkg/install/my_first_ros_rclcpp_pkg/share/my_first_ros_rclcpp_pkg/hook/cmake_prefix_path.ps1'
[12.535s] INFO:colcon.colcon_core.shell:Creating environment descriptor '/home/yu/colcon_ws/src/my_first_ros_rclcpp_pkg/install/my_first_ros_rclcpp_pkg/share/my_first_ros_rclcpp_pkg/hook/cmake_prefix_path.dsv'
[12.536s] INFO:colcon.colcon_core.shell:Creating environment hook '/home/yu/colcon_ws/src/my_first_ros_rclcpp_pkg/install/my_first_ros_rclcpp_pkg/share/my_first_ros_rclcpp_pkg/hook/cmake_prefix_path.sh'
[12.537s] Level 1:colcon.colcon_core.environment:checking '/home/yu/colcon_ws/src/my_first_ros_rclcpp_pkg/install/my_first_ros_rclcpp_pkg/lib'
[12.537s] Level 1:colcon.colcon_core.environment:checking '/home/yu/colcon_ws/src/my_first_ros_rclcpp_pkg/install/my_first_ros_rclcpp_pkg/bin'
[12.537s] Level 1:colcon.colcon_core.environment:checking '/home/yu/colcon_ws/src/my_first_ros_rclcpp_pkg/install/my_first_ros_rclcpp_pkg/lib/pkgconfig/my_first_ros_rclcpp_pkg.pc'
[12.537s] Level 1:colcon.colcon_core.environment:checking '/home/yu/colcon_ws/src/my_first_ros_rclcpp_pkg/install/my_first_ros_rclcpp_pkg/lib/python3.10/site-packages'
[12.537s] Level 1:colcon.colcon_core.environment:checking '/home/yu/colcon_ws/src/my_first_ros_rclcpp_pkg/install/my_first_ros_rclcpp_pkg/bin'
[12.538s] INFO:colcon.colcon_core.shell:Creating package script '/home/yu/colcon_ws/src/my_first_ros_rclcpp_pkg/install/my_first_ros_rclcpp_pkg/share/my_first_ros_rclcpp_pkg/package.ps1'
[12.538s] INFO:colcon.colcon_core.shell:Creating package descriptor '/home/yu/colcon_ws/src/my_first_ros_rclcpp_pkg/install/my_first_ros_rclcpp_pkg/share/my_first_ros_rclcpp_pkg/package.dsv'
[12.539s] INFO:colcon.colcon_core.shell:Creating package script '/home/yu/colcon_ws/src/my_first_ros_rclcpp_pkg/install/my_first_ros_rclcpp_pkg/share/my_first_ros_rclcpp_pkg/package.sh'
[12.539s] INFO:colcon.colcon_core.shell:Creating package script '/home/yu/colcon_ws/src/my_first_ros_rclcpp_pkg/install/my_first_ros_rclcpp_pkg/share/my_first_ros_rclcpp_pkg/package.bash'
[12.540s] INFO:colcon.colcon_core.shell:Creating package script '/home/yu/colcon_ws/src/my_first_ros_rclcpp_pkg/install/my_first_ros_rclcpp_pkg/share/my_first_ros_rclcpp_pkg/package.zsh'
[12.541s] Level 1:colcon.colcon_core.environment:create_file_with_runtime_dependencies(/home/yu/colcon_ws/src/my_first_ros_rclcpp_pkg/install/my_first_ros_rclcpp_pkg/share/colcon-core/packages/my_first_ros_rclcpp_pkg)
[12.541s] DEBUG:colcon.colcon_parallel_executor.executor.parallel:closing loop
[12.542s] DEBUG:colcon.colcon_parallel_executor.executor.parallel:loop closed
[12.542s] DEBUG:colcon.colcon_parallel_executor.executor.parallel:run_until_complete finished with '0'
[12.542s] DEBUG:colcon.colcon_core.event_reactor:joining thread
[12.549s] INFO:colcon.colcon_core.plugin_system:Skipping extension 'colcon_notification.desktop_notification.terminal_notifier': Not used on non-Darwin systems
[12.549s] INFO:colcon.colcon_core.plugin_system:Skipping extension 'colcon_notification.desktop_notification.win32': Not used on non-Windows systems
[12.549s] INFO:colcon.colcon_notification.desktop_notification:Sending desktop notification using 'notify2'
[12.589s] DEBUG:colcon.colcon_core.event_reactor:joined thread
[12.589s] INFO:colcon.colcon_core.shell:Creating prefix script '/home/yu/colcon_ws/src/my_first_ros_rclcpp_pkg/install/local_setup.ps1'
[12.591s] INFO:colcon.colcon_core.shell:Creating prefix util module '/home/yu/colcon_ws/src/my_first_ros_rclcpp_pkg/install/_local_setup_util_ps1.py'
[12.592s] INFO:colcon.colcon_core.shell:Creating prefix chain script '/home/yu/colcon_ws/src/my_first_ros_rclcpp_pkg/install/setup.ps1'
[12.594s] INFO:colcon.colcon_core.shell:Creating prefix script '/home/yu/colcon_ws/src/my_first_ros_rclcpp_pkg/install/local_setup.sh'
[12.595s] INFO:colcon.colcon_core.shell:Creating prefix util module '/home/yu/colcon_ws/src/my_first_ros_rclcpp_pkg/install/_local_setup_util_sh.py'
[12.596s] INFO:colcon.colcon_core.shell:Creating prefix chain script '/home/yu/colcon_ws/src/my_first_ros_rclcpp_pkg/install/setup.sh'
[12.597s] INFO:colcon.colcon_core.shell:Creating prefix script '/home/yu/colcon_ws/src/my_first_ros_rclcpp_pkg/install/local_setup.bash'
[12.598s] INFO:colcon.colcon_core.shell:Creating prefix chain script '/home/yu/colcon_ws/src/my_first_ros_rclcpp_pkg/install/setup.bash'
[12.599s] INFO:colcon.colcon_core.shell:Creating prefix script '/home/yu/colcon_ws/src/my_first_ros_rclcpp_pkg/install/local_setup.zsh'
[12.599s] INFO:colcon.colcon_core.shell:Creating prefix chain script '/home/yu/colcon_ws/src/my_first_ros_rclcpp_pkg/install/setup.zsh'
