[0.145s] DEBUG:colcon:Command line arguments: ['/usr/bin/colcon', 'build']
[0.145s] DEBUG:colcon:Parsed command line arguments: Namespace(log_base=None, log_level=None, verb_name='build', build_base='build', install_base='install', merge_install=False, symlink_install=False, test_result_base=None, continue_on_error=False, executor='parallel', parallel_workers=8, event_handlers=None, ignore_user_meta=False, metas=['./colcon.meta'], base_paths=['.'], packages_ignore=None, packages_ignore_regex=None, paths=None, packages_up_to=None, packages_up_to_regex=None, packages_above=None, packages_above_and_dependencies=None, packages_above_depth=None, packages_select_by_dep=None, packages_skip_by_dep=None, packages_skip_up_to=None, packages_select_build_failed=False, packages_skip_build_finished=False, packages_select_test_failures=False, packages_skip_test_passed=False, packages_select=None, packages_skip=None, packages_select_regex=None, packages_skip_regex=None, packages_start=None, packages_end=None, allow_overriding=[], cmake_args=None, cmake_target=None, cmake_target_skip_unavailable=False, cmake_clean_cache=False, cmake_clean_first=False, cmake_force_configure=False, ament_cmake_args=None, catkin_cmake_args=None, catkin_skip_building_tests=False, mixin_files=None, mixin=None, verb_parser=<colcon_mixin.mixin.mixin_argument.MixinArgumentDecorator object at 0x768ff38f5a80>, verb_extension=<colcon_core.verb.build.BuildVerb object at 0x768ff38f55d0>, main=<bound method BuildVerb.main of <colcon_core.verb.build.BuildVerb object at 0x768ff38f55d0>>, mixin_verb=('build',))
[0.343s] Level 1:colcon.colcon_core.package_discovery:discover_packages(colcon_meta) check parameters
[0.343s] Level 1:colcon.colcon_core.package_discovery:discover_packages(recursive) check parameters
[0.343s] Level 1:colcon.colcon_core.package_discovery:discover_packages(ignore) check parameters
[0.343s] Level 1:colcon.colcon_core.package_discovery:discover_packages(path) check parameters
[0.343s] Level 1:colcon.colcon_core.package_discovery:discover_packages(colcon_meta) discover
[0.343s] Level 1:colcon.colcon_core.package_discovery:discover_packages(recursive) discover
[0.344s] INFO:colcon.colcon_core.package_discovery:Crawling recursively for packages in '/home/yu/colcon_ws/src/my_first_ros_rclcpp_pkg'
[0.344s] Level 1:colcon.colcon_core.package_identification:_identify(.) by extensions ['ignore', 'ignore_ament_install']
[0.344s] Level 1:colcon.colcon_core.package_identification:_identify(.) by extension 'ignore'
[0.344s] Level 1:colcon.colcon_core.package_identification:_identify(.) by extension 'ignore_ament_install'
[0.344s] Level 1:colcon.colcon_core.package_identification:_identify(.) by extensions ['colcon_pkg']
[0.344s] Level 1:colcon.colcon_core.package_identification:_identify(.) by extension 'colcon_pkg'
[0.344s] Level 1:colcon.colcon_core.package_identification:_identify(.) by extensions ['colcon_meta']
[0.344s] Level 1:colcon.colcon_core.package_identification:_identify(.) by extension 'colcon_meta'
[0.344s] Level 1:colcon.colcon_core.package_identification:_identify(.) by extensions ['ros']
[0.344s] Level 1:colcon.colcon_core.package_identification:_identify(.) by extension 'ros'
[0.364s] DEBUG:colcon.colcon_core.package_identification:Package '.' with type 'ros.ament_cmake' and name 'my_first_ros_rclcpp_pkg'
[0.364s] Level 1:colcon.colcon_core.package_discovery:discover_packages(recursive) using defaults
[0.364s] Level 1:colcon.colcon_core.package_discovery:discover_packages(ignore) discover
[0.364s] Level 1:colcon.colcon_core.package_discovery:discover_packages(ignore) using defaults
[0.364s] Level 1:colcon.colcon_core.package_discovery:discover_packages(path) discover
[0.364s] Level 1:colcon.colcon_core.package_discovery:discover_packages(path) using defaults
[0.413s] Level 1:colcon.colcon_core.package_discovery:discover_packages(prefix_path) check parameters
[0.414s] Level 1:colcon.colcon_core.package_discovery:discover_packages(prefix_path) discover
[0.417s] DEBUG:colcon.colcon_installed_package_information.package_discovery:Found 3 installed packages in /home/yu/colcon_ws/install
[0.418s] DEBUG:colcon.colcon_installed_package_information.package_discovery:Found 2 installed packages in /home/yu/ros2_ws/install
[0.420s] DEBUG:colcon.colcon_installed_package_information.package_discovery:Found 271 installed packages in /opt/ros/humble
[0.422s] Level 1:colcon.colcon_core.package_discovery:discover_packages(prefix_path) using defaults
[0.471s] Level 5:colcon.colcon_core.verb:set package 'my_first_ros_rclcpp_pkg' build argument 'cmake_args' from command line to 'None'
[0.472s] Level 5:colcon.colcon_core.verb:set package 'my_first_ros_rclcpp_pkg' build argument 'cmake_target' from command line to 'None'
[0.472s] Level 5:colcon.colcon_core.verb:set package 'my_first_ros_rclcpp_pkg' build argument 'cmake_target_skip_unavailable' from command line to 'False'
[0.472s] Level 5:colcon.colcon_core.verb:set package 'my_first_ros_rclcpp_pkg' build argument 'cmake_clean_cache' from command line to 'False'
[0.472s] Level 5:colcon.colcon_core.verb:set package 'my_first_ros_rclcpp_pkg' build argument 'cmake_clean_first' from command line to 'False'
[0.472s] Level 5:colcon.colcon_core.verb:set package 'my_first_ros_rclcpp_pkg' build argument 'cmake_force_configure' from command line to 'False'
[0.472s] Level 5:colcon.colcon_core.verb:set package 'my_first_ros_rclcpp_pkg' build argument 'ament_cmake_args' from command line to 'None'
[0.472s] Level 5:colcon.colcon_core.verb:set package 'my_first_ros_rclcpp_pkg' build argument 'catkin_cmake_args' from command line to 'None'
[0.472s] Level 5:colcon.colcon_core.verb:set package 'my_first_ros_rclcpp_pkg' build argument 'catkin_skip_building_tests' from command line to 'False'
[0.472s] DEBUG:colcon.colcon_core.verb:Building package 'my_first_ros_rclcpp_pkg' with the following arguments: {'ament_cmake_args': None, 'build_base': '/home/yu/colcon_ws/src/my_first_ros_rclcpp_pkg/build/my_first_ros_rclcpp_pkg', 'catkin_cmake_args': None, 'catkin_skip_building_tests': False, 'cmake_args': None, 'cmake_clean_cache': False, 'cmake_clean_first': False, 'cmake_force_configure': False, 'cmake_target': None, 'cmake_target_skip_unavailable': False, 'install_base': '/home/yu/colcon_ws/src/my_first_ros_rclcpp_pkg/install/my_first_ros_rclcpp_pkg', 'merge_install': False, 'path': '/home/yu/colcon_ws/src/my_first_ros_rclcpp_pkg', 'symlink_install': False, 'test_result_base': None}
[0.473s] INFO:colcon.colcon_core.executor:Executing jobs using 'parallel' executor
[0.474s] DEBUG:colcon.colcon_parallel_executor.executor.parallel:run_until_complete
[0.475s] INFO:colcon.colcon_ros.task.ament_cmake.build:Building ROS package in '/home/yu/colcon_ws/src/my_first_ros_rclcpp_pkg' with build type 'ament_cmake'
[0.475s] INFO:colcon.colcon_cmake.task.cmake.build:Building CMake package in '/home/yu/colcon_ws/src/my_first_ros_rclcpp_pkg'
[0.478s] INFO:colcon.colcon_core.plugin_system:Skipping extension 'colcon_core.shell.bat': Not used on non-Windows systems
[0.478s] INFO:colcon.colcon_core.shell:Skip shell extension 'powershell' for command environment: Not usable outside of PowerShell
[0.478s] DEBUG:colcon.colcon_core.shell:Skip shell extension 'dsv' for command environment
[0.496s] DEBUG:colcon.colcon_core.event_handler.log_command:Invoking command in '/home/yu/colcon_ws/src/my_first_ros_rclcpp_pkg/build/my_first_ros_rclcpp_pkg': CMAKE_PREFIX_PATH=${CMAKE_PREFIX_PATH}:/opt/ros/humble /usr/bin/cmake --build /home/yu/colcon_ws/src/my_first_ros_rclcpp_pkg/build/my_first_ros_rclcpp_pkg -- -j8 -l8
[11.753s] DEBUG:colcon.colcon_core.event_handler.log_command:Invoked command in '/home/yu/colcon_ws/src/my_first_ros_rclcpp_pkg/build/my_first_ros_rclcpp_pkg' returned '0': CMAKE_PREFIX_PATH=${CMAKE_PREFIX_PATH}:/opt/ros/humble /usr/bin/cmake --build /home/yu/colcon_ws/src/my_first_ros_rclcpp_pkg/build/my_first_ros_rclcpp_pkg -- -j8 -l8
[11.772s] DEBUG:colcon.colcon_core.event_handler.log_command:Invoking command in '/home/yu/colcon_ws/src/my_first_ros_rclcpp_pkg/build/my_first_ros_rclcpp_pkg': CMAKE_PREFIX_PATH=${CMAKE_PREFIX_PATH}:/opt/ros/humble /usr/bin/cmake --install /home/yu/colcon_ws/src/my_first_ros_rclcpp_pkg/build/my_first_ros_rclcpp_pkg
[11.793s] Level 1:colcon.colcon_core.environment:create_environment_scripts_only(my_first_ros_rclcpp_pkg)
[11.796s] Level 1:colcon.colcon_core.environment:checking '/home/yu/colcon_ws/src/my_first_ros_rclcpp_pkg/install/my_first_ros_rclcpp_pkg' for CMake module files
[11.798s] Level 1:colcon.colcon_core.environment:checking '/home/yu/colcon_ws/src/my_first_ros_rclcpp_pkg/install/my_first_ros_rclcpp_pkg' for CMake config files
[11.798s] Level 1:colcon.colcon_core.shell:create_environment_hook('my_first_ros_rclcpp_pkg', 'cmake_prefix_path')
[11.798s] INFO:colcon.colcon_core.shell:Creating environment hook '/home/yu/colcon_ws/src/my_first_ros_rclcpp_pkg/install/my_first_ros_rclcpp_pkg/share/my_first_ros_rclcpp_pkg/hook/cmake_prefix_path.ps1'
[11.799s] INFO:colcon.colcon_core.shell:Creating environment descriptor '/home/yu/colcon_ws/src/my_first_ros_rclcpp_pkg/install/my_first_ros_rclcpp_pkg/share/my_first_ros_rclcpp_pkg/hook/cmake_prefix_path.dsv'
[11.800s] INFO:colcon.colcon_core.shell:Creating environment hook '/home/yu/colcon_ws/src/my_first_ros_rclcpp_pkg/install/my_first_ros_rclcpp_pkg/share/my_first_ros_rclcpp_pkg/hook/cmake_prefix_path.sh'
[11.801s] Level 1:colcon.colcon_core.environment:checking '/home/yu/colcon_ws/src/my_first_ros_rclcpp_pkg/install/my_first_ros_rclcpp_pkg/lib'
[11.801s] Level 1:colcon.colcon_core.environment:checking '/home/yu/colcon_ws/src/my_first_ros_rclcpp_pkg/install/my_first_ros_rclcpp_pkg/bin'
[11.801s] Level 1:colcon.colcon_core.environment:checking '/home/yu/colcon_ws/src/my_first_ros_rclcpp_pkg/install/my_first_ros_rclcpp_pkg/lib/pkgconfig/my_first_ros_rclcpp_pkg.pc'
[11.802s] Level 1:colcon.colcon_core.environment:checking '/home/yu/colcon_ws/src/my_first_ros_rclcpp_pkg/install/my_first_ros_rclcpp_pkg/lib/python3.10/site-packages'
[11.802s] Level 1:colcon.colcon_core.environment:checking '/home/yu/colcon_ws/src/my_first_ros_rclcpp_pkg/install/my_first_ros_rclcpp_pkg/bin'
[11.802s] INFO:colcon.colcon_core.shell:Creating package script '/home/yu/colcon_ws/src/my_first_ros_rclcpp_pkg/install/my_first_ros_rclcpp_pkg/share/my_first_ros_rclcpp_pkg/package.ps1'
[11.803s] DEBUG:colcon.colcon_core.event_handler.log_command:Invoked command in '/home/yu/colcon_ws/src/my_first_ros_rclcpp_pkg/build/my_first_ros_rclcpp_pkg' returned '0': CMAKE_PREFIX_PATH=${CMAKE_PREFIX_PATH}:/opt/ros/humble /usr/bin/cmake --install /home/yu/colcon_ws/src/my_first_ros_rclcpp_pkg/build/my_first_ros_rclcpp_pkg
[11.804s] INFO:colcon.colcon_core.shell:Creating package descriptor '/home/yu/colcon_ws/src/my_first_ros_rclcpp_pkg/install/my_first_ros_rclcpp_pkg/share/my_first_ros_rclcpp_pkg/package.dsv'
[11.805s] INFO:colcon.colcon_core.shell:Creating package script '/home/yu/colcon_ws/src/my_first_ros_rclcpp_pkg/install/my_first_ros_rclcpp_pkg/share/my_first_ros_rclcpp_pkg/package.sh'
[11.806s] INFO:colcon.colcon_core.shell:Creating package script '/home/yu/colcon_ws/src/my_first_ros_rclcpp_pkg/install/my_first_ros_rclcpp_pkg/share/my_first_ros_rclcpp_pkg/package.bash'
[11.807s] INFO:colcon.colcon_core.shell:Creating package script '/home/yu/colcon_ws/src/my_first_ros_rclcpp_pkg/install/my_first_ros_rclcpp_pkg/share/my_first_ros_rclcpp_pkg/package.zsh'
[11.809s] Level 1:colcon.colcon_core.environment:create_file_with_runtime_dependencies(/home/yu/colcon_ws/src/my_first_ros_rclcpp_pkg/install/my_first_ros_rclcpp_pkg/share/colcon-core/packages/my_first_ros_rclcpp_pkg)
[11.810s] Level 1:colcon.colcon_core.environment:create_environment_scripts_only(my_first_ros_rclcpp_pkg)
[11.810s] Level 1:colcon.colcon_core.environment:checking '/home/yu/colcon_ws/src/my_first_ros_rclcpp_pkg/install/my_first_ros_rclcpp_pkg' for CMake module files
[11.811s] Level 1:colcon.colcon_core.environment:checking '/home/yu/colcon_ws/src/my_first_ros_rclcpp_pkg/install/my_first_ros_rclcpp_pkg' for CMake config files
[11.811s] Level 1:colcon.colcon_core.shell:create_environment_hook('my_first_ros_rclcpp_pkg', 'cmake_prefix_path')
[11.811s] INFO:colcon.colcon_core.shell:Creating environment hook '/home/yu/colcon_ws/src/my_first_ros_rclcpp_pkg/install/my_first_ros_rclcpp_pkg/share/my_first_ros_rclcpp_pkg/hook/cmake_prefix_path.ps1'
[11.812s] INFO:colcon.colcon_core.shell:Creating environment descriptor '/home/yu/colcon_ws/src/my_first_ros_rclcpp_pkg/install/my_first_ros_rclcpp_pkg/share/my_first_ros_rclcpp_pkg/hook/cmake_prefix_path.dsv'
[11.812s] INFO:colcon.colcon_core.shell:Creating environment hook '/home/yu/colcon_ws/src/my_first_ros_rclcpp_pkg/install/my_first_ros_rclcpp_pkg/share/my_first_ros_rclcpp_pkg/hook/cmake_prefix_path.sh'
[11.813s] Level 1:colcon.colcon_core.environment:checking '/home/yu/colcon_ws/src/my_first_ros_rclcpp_pkg/install/my_first_ros_rclcpp_pkg/lib'
[11.813s] Level 1:colcon.colcon_core.environment:checking '/home/yu/colcon_ws/src/my_first_ros_rclcpp_pkg/install/my_first_ros_rclcpp_pkg/bin'
[11.813s] Level 1:colcon.colcon_core.environment:checking '/home/yu/colcon_ws/src/my_first_ros_rclcpp_pkg/install/my_first_ros_rclcpp_pkg/lib/pkgconfig/my_first_ros_rclcpp_pkg.pc'
[11.813s] Level 1:colcon.colcon_core.environment:checking '/home/yu/colcon_ws/src/my_first_ros_rclcpp_pkg/install/my_first_ros_rclcpp_pkg/lib/python3.10/site-packages'
[11.814s] Level 1:colcon.colcon_core.environment:checking '/home/yu/colcon_ws/src/my_first_ros_rclcpp_pkg/install/my_first_ros_rclcpp_pkg/bin'
[11.814s] INFO:colcon.colcon_core.shell:Creating package script '/home/yu/colcon_ws/src/my_first_ros_rclcpp_pkg/install/my_first_ros_rclcpp_pkg/share/my_first_ros_rclcpp_pkg/package.ps1'
[11.815s] INFO:colcon.colcon_core.shell:Creating package descriptor '/home/yu/colcon_ws/src/my_first_ros_rclcpp_pkg/install/my_first_ros_rclcpp_pkg/share/my_first_ros_rclcpp_pkg/package.dsv'
[11.815s] INFO:colcon.colcon_core.shell:Creating package script '/home/yu/colcon_ws/src/my_first_ros_rclcpp_pkg/install/my_first_ros_rclcpp_pkg/share/my_first_ros_rclcpp_pkg/package.sh'
[11.816s] INFO:colcon.colcon_core.shell:Creating package script '/home/yu/colcon_ws/src/my_first_ros_rclcpp_pkg/install/my_first_ros_rclcpp_pkg/share/my_first_ros_rclcpp_pkg/package.bash'
[11.816s] INFO:colcon.colcon_core.shell:Creating package script '/home/yu/colcon_ws/src/my_first_ros_rclcpp_pkg/install/my_first_ros_rclcpp_pkg/share/my_first_ros_rclcpp_pkg/package.zsh'
[11.817s] Level 1:colcon.colcon_core.environment:create_file_with_runtime_dependencies(/home/yu/colcon_ws/src/my_first_ros_rclcpp_pkg/install/my_first_ros_rclcpp_pkg/share/colcon-core/packages/my_first_ros_rclcpp_pkg)
[11.817s] DEBUG:colcon.colcon_parallel_executor.executor.parallel:closing loop
[11.818s] DEBUG:colcon.colcon_parallel_executor.executor.parallel:loop closed
[11.818s] DEBUG:colcon.colcon_parallel_executor.executor.parallel:run_until_complete finished with '0'
[11.818s] DEBUG:colcon.colcon_core.event_reactor:joining thread
[11.826s] INFO:colcon.colcon_core.plugin_system:Skipping extension 'colcon_notification.desktop_notification.terminal_notifier': Not used on non-Darwin systems
[11.826s] INFO:colcon.colcon_core.plugin_system:Skipping extension 'colcon_notification.desktop_notification.win32': Not used on non-Windows systems
[11.826s] INFO:colcon.colcon_notification.desktop_notification:Sending desktop notification using 'notify2'
[11.849s] DEBUG:colcon.colcon_core.event_reactor:joined thread
[11.849s] INFO:colcon.colcon_core.shell:Creating prefix script '/home/yu/colcon_ws/src/my_first_ros_rclcpp_pkg/install/local_setup.ps1'
[11.851s] INFO:colcon.colcon_core.shell:Creating prefix util module '/home/yu/colcon_ws/src/my_first_ros_rclcpp_pkg/install/_local_setup_util_ps1.py'
[11.853s] INFO:colcon.colcon_core.shell:Creating prefix chain script '/home/yu/colcon_ws/src/my_first_ros_rclcpp_pkg/install/setup.ps1'
[11.854s] INFO:colcon.colcon_core.shell:Creating prefix script '/home/yu/colcon_ws/src/my_first_ros_rclcpp_pkg/install/local_setup.sh'
[11.855s] INFO:colcon.colcon_core.shell:Creating prefix util module '/home/yu/colcon_ws/src/my_first_ros_rclcpp_pkg/install/_local_setup_util_sh.py'
[11.857s] INFO:colcon.colcon_core.shell:Creating prefix chain script '/home/yu/colcon_ws/src/my_first_ros_rclcpp_pkg/install/setup.sh'
[11.861s] INFO:colcon.colcon_core.shell:Creating prefix script '/home/yu/colcon_ws/src/my_first_ros_rclcpp_pkg/install/local_setup.bash'
[11.862s] INFO:colcon.colcon_core.shell:Creating prefix chain script '/home/yu/colcon_ws/src/my_first_ros_rclcpp_pkg/install/setup.bash'
[11.863s] INFO:colcon.colcon_core.shell:Creating prefix script '/home/yu/colcon_ws/src/my_first_ros_rclcpp_pkg/install/local_setup.zsh'
[11.864s] INFO:colcon.colcon_core.shell:Creating prefix chain script '/home/yu/colcon_ws/src/my_first_ros_rclcpp_pkg/install/setup.zsh'
