[0.029s] Invoking command in '/home/yu/colcon_ws/src/my_first_ros_rclcpp_pkg/build/my_first_ros_rclcpp_pkg': CMAKE_PREFIX_PATH=${CMAKE_PREFIX_PATH}:/opt/ros/humble /usr/bin/cmake --build /home/yu/colcon_ws/src/my_first_ros_rclcpp_pkg/build/my_first_ros_rclcpp_pkg -- -j8 -l8
[0.121s] [ 50%] Built target pub_node
[0.138s] [100%] Built target sub_node
[0.161s] Invoked command in '/home/yu/colcon_ws/src/my_first_ros_rclcpp_pkg/build/my_first_ros_rclcpp_pkg' returned '0': CMAKE_PREFIX_PATH=${CMAKE_PREFIX_PATH}:/opt/ros/humble /usr/bin/cmake --build /home/yu/colcon_ws/src/my_first_ros_rclcpp_pkg/build/my_first_ros_rclcpp_pkg -- -j8 -l8
[0.177s] Invoking command in '/home/yu/colcon_ws/src/my_first_ros_rclcpp_pkg/build/my_first_ros_rclcpp_pkg': CMAKE_PREFIX_PATH=${CMAKE_PREFIX_PATH}:/opt/ros/humble /usr/bin/cmake --install /home/yu/colcon_ws/src/my_first_ros_rclcpp_pkg/build/my_first_ros_rclcpp_pkg
[0.191s] -- Install configuration: ""
[0.191s] -- Up-to-date: /home/yu/colcon_ws/src/my_first_ros_rclcpp_pkg/install/my_first_ros_rclcpp_pkg/lib/my_first_ros_rclcpp_pkg/pub_node
[0.191s] -- Up-to-date: /home/yu/colcon_ws/src/my_first_ros_rclcpp_pkg/install/my_first_ros_rclcpp_pkg/lib/my_first_ros_rclcpp_pkg/sub_node
[0.191s] -- Up-to-date: /home/yu/colcon_ws/src/my_first_ros_rclcpp_pkg/install/my_first_ros_rclcpp_pkg/share/ament_index/resource_index/package_run_dependencies/my_first_ros_rclcpp_pkg
[0.191s] -- Up-to-date: /home/yu/colcon_ws/src/my_first_ros_rclcpp_pkg/install/my_first_ros_rclcpp_pkg/share/ament_index/resource_index/parent_prefix_path/my_first_ros_rclcpp_pkg
[0.191s] -- Up-to-date: /home/yu/colcon_ws/src/my_first_ros_rclcpp_pkg/install/my_first_ros_rclcpp_pkg/share/my_first_ros_rclcpp_pkg/environment/ament_prefix_path.sh
[0.191s] -- Up-to-date: /home/yu/colcon_ws/src/my_first_ros_rclcpp_pkg/install/my_first_ros_rclcpp_pkg/share/my_first_ros_rclcpp_pkg/environment/ament_prefix_path.dsv
[0.192s] -- Up-to-date: /home/yu/colcon_ws/src/my_first_ros_rclcpp_pkg/install/my_first_ros_rclcpp_pkg/share/my_first_ros_rclcpp_pkg/environment/path.sh
[0.192s] -- Up-to-date: /home/yu/colcon_ws/src/my_first_ros_rclcpp_pkg/install/my_first_ros_rclcpp_pkg/share/my_first_ros_rclcpp_pkg/environment/path.dsv
[0.192s] -- Up-to-date: /home/yu/colcon_ws/src/my_first_ros_rclcpp_pkg/install/my_first_ros_rclcpp_pkg/share/my_first_ros_rclcpp_pkg/local_setup.bash
[0.192s] -- Up-to-date: /home/yu/colcon_ws/src/my_first_ros_rclcpp_pkg/install/my_first_ros_rclcpp_pkg/share/my_first_ros_rclcpp_pkg/local_setup.sh
[0.192s] -- Up-to-date: /home/yu/colcon_ws/src/my_first_ros_rclcpp_pkg/install/my_first_ros_rclcpp_pkg/share/my_first_ros_rclcpp_pkg/local_setup.zsh
[0.192s] -- Up-to-date: /home/yu/colcon_ws/src/my_first_ros_rclcpp_pkg/install/my_first_ros_rclcpp_pkg/share/my_first_ros_rclcpp_pkg/local_setup.dsv
[0.192s] -- Installing: /home/yu/colcon_ws/src/my_first_ros_rclcpp_pkg/install/my_first_ros_rclcpp_pkg/share/my_first_ros_rclcpp_pkg/package.dsv
[0.192s] -- Up-to-date: /home/yu/colcon_ws/src/my_first_ros_rclcpp_pkg/install/my_first_ros_rclcpp_pkg/share/ament_index/resource_index/packages/my_first_ros_rclcpp_pkg
[0.192s] -- Up-to-date: /home/yu/colcon_ws/src/my_first_ros_rclcpp_pkg/install/my_first_ros_rclcpp_pkg/share/my_first_ros_rclcpp_pkg/cmake/my_first_ros_rclcpp_pkgConfig.cmake
[0.192s] -- Up-to-date: /home/yu/colcon_ws/src/my_first_ros_rclcpp_pkg/install/my_first_ros_rclcpp_pkg/share/my_first_ros_rclcpp_pkg/cmake/my_first_ros_rclcpp_pkgConfig-version.cmake
[0.192s] -- Up-to-date: /home/yu/colcon_ws/src/my_first_ros_rclcpp_pkg/install/my_first_ros_rclcpp_pkg/share/my_first_ros_rclcpp_pkg/package.xml
[0.199s] Invoked command in '/home/yu/colcon_ws/src/my_first_ros_rclcpp_pkg/build/my_first_ros_rclcpp_pkg' returned '0': CMAKE_PREFIX_PATH=${CMAKE_PREFIX_PATH}:/opt/ros/humble /usr/bin/cmake --install /home/yu/colcon_ws/src/my_first_ros_rclcpp_pkg/build/my_first_ros_rclcpp_pkg
