[0.021s] Invoking command in '/home/yu/colcon_ws/src/my_first_ros_rclcpp_pkg/build/my_first_ros_rclcpp_pkg': CMAKE_PREFIX_PATH=${CMAKE_PREFIX_PATH}:/opt/ros/humble /usr/bin/cmake --build /home/yu/colcon_ws/src/my_first_ros_rclcpp_pkg/build/my_first_ros_rclcpp_pkg -- -j8 -l8
[0.085s] -- Found ament_cmake: 1.3.12 (/opt/ros/humble/share/ament_cmake/cmake)
[0.314s] -- Found rclcpp: 16.0.14 (/opt/ros/humble/share/rclcpp/cmake)
[0.356s] -- Found rosidl_generator_c: 3.1.7 (/opt/ros/humble/share/rosidl_generator_c/cmake)
[0.359s] -- Found rosidl_adapter: 3.1.7 (/opt/ros/humble/share/rosidl_adapter/cmake)
[0.367s] -- Found rosidl_generator_cpp: 3.1.7 (/opt/ros/humble/share/rosidl_generator_cpp/cmake)
[0.380s] -- Using all available rosidl_typesupport_c: rosidl_typesupport_fastrtps_c;rosidl_typesupport_introspection_c
[0.398s] -- Using all available rosidl_typesupport_cpp: rosidl_typesupport_fastrtps_cpp;rosidl_typesupport_introspection_cpp
[0.444s] -- Found rmw_implementation_cmake: 6.1.2 (/opt/ros/humble/share/rmw_implementation_cmake/cmake)
[0.446s] -- Found rmw_fastrtps_cpp: 6.2.8 (/opt/ros/humble/share/rmw_fastrtps_cpp/cmake)
[0.593s] -- Using RMW implementation 'rmw_fastrtps_cpp' as default
[0.664s] -- Found ament_lint_auto: 0.12.14 (/opt/ros/humble/share/ament_lint_auto/cmake)
[0.778s] -- Added test 'cppcheck' to perform static code analysis on C / C++ code
[0.778s] -- Configured cppcheck include dirs: 
[0.778s] -- Configured cppcheck exclude dirs and/or files: 
[0.781s] -- Added test 'flake8' to check Python code syntax and style conventions
[0.784s] -- Added test 'lint_cmake' to check CMake code style
[0.788s] -- Added test 'pep257' to check Python code against some of the docstring style conventions in PEP 257
[0.798s] -- Added test 'uncrustify' to check C / C++ code style
[0.798s] -- Configured uncrustify additional arguments: 
[0.800s] -- Added test 'xmllint' to check XML markup files
[0.801s] -- Configuring done
[0.815s] -- Generating done
[0.821s] -- Build files have been written to: /home/yu/colcon_ws/src/my_first_ros_rclcpp_pkg/build/my_first_ros_rclcpp_pkg
[0.862s] [35m[1mConsolidate compiler generated dependencies of target pub_node[0m
[0.875s] [35m[1mConsolidate compiler generated dependencies of target sub_node[0m
[0.884s] [ 25%] [32mBuilding CXX object CMakeFiles/pub_node.dir/src/pub_node.cpp.o[0m
[0.918s] [ 50%] [32mBuilding CXX object CMakeFiles/sub_node.dir/src/sub_node.cpp.o[0m
[6.566s] [ 75%] [32m[1mLinking CXX executable pub_node[0m
[6.845s] [ 75%] Built target pub_node
[11.599s] [100%] [32m[1mLinking CXX executable sub_node[0m
[12.108s] [100%] Built target sub_node
[12.125s] Invoked command in '/home/yu/colcon_ws/src/my_first_ros_rclcpp_pkg/build/my_first_ros_rclcpp_pkg' returned '0': CMAKE_PREFIX_PATH=${CMAKE_PREFIX_PATH}:/opt/ros/humble /usr/bin/cmake --build /home/yu/colcon_ws/src/my_first_ros_rclcpp_pkg/build/my_first_ros_rclcpp_pkg -- -j8 -l8
[12.144s] Invoking command in '/home/yu/colcon_ws/src/my_first_ros_rclcpp_pkg/build/my_first_ros_rclcpp_pkg': CMAKE_PREFIX_PATH=${CMAKE_PREFIX_PATH}:/opt/ros/humble /usr/bin/cmake --install /home/yu/colcon_ws/src/my_first_ros_rclcpp_pkg/build/my_first_ros_rclcpp_pkg
[12.156s] -- Install configuration: ""
[12.159s] -- Installing: /home/yu/colcon_ws/src/my_first_ros_rclcpp_pkg/install/my_first_ros_rclcpp_pkg/lib/my_first_ros_rclcpp_pkg/pub_node
[12.159s] -- Set runtime path of "/home/yu/colcon_ws/src/my_first_ros_rclcpp_pkg/install/my_first_ros_rclcpp_pkg/lib/my_first_ros_rclcpp_pkg/pub_node" to ""
[12.159s] -- Installing: /home/yu/colcon_ws/src/my_first_ros_rclcpp_pkg/install/my_first_ros_rclcpp_pkg/lib/my_first_ros_rclcpp_pkg/sub_node
[12.161s] -- Set runtime path of "/home/yu/colcon_ws/src/my_first_ros_rclcpp_pkg/install/my_first_ros_rclcpp_pkg/lib/my_first_ros_rclcpp_pkg/sub_node" to ""
[12.161s] -- Up-to-date: /home/yu/colcon_ws/src/my_first_ros_rclcpp_pkg/install/my_first_ros_rclcpp_pkg/share/ament_index/resource_index/package_run_dependencies/my_first_ros_rclcpp_pkg
[12.161s] -- Up-to-date: /home/yu/colcon_ws/src/my_first_ros_rclcpp_pkg/install/my_first_ros_rclcpp_pkg/share/ament_index/resource_index/parent_prefix_path/my_first_ros_rclcpp_pkg
[12.161s] -- Up-to-date: /home/yu/colcon_ws/src/my_first_ros_rclcpp_pkg/install/my_first_ros_rclcpp_pkg/share/my_first_ros_rclcpp_pkg/environment/ament_prefix_path.sh
[12.161s] -- Installing: /home/yu/colcon_ws/src/my_first_ros_rclcpp_pkg/install/my_first_ros_rclcpp_pkg/share/my_first_ros_rclcpp_pkg/environment/ament_prefix_path.dsv
[12.161s] -- Up-to-date: /home/yu/colcon_ws/src/my_first_ros_rclcpp_pkg/install/my_first_ros_rclcpp_pkg/share/my_first_ros_rclcpp_pkg/environment/path.sh
[12.161s] -- Installing: /home/yu/colcon_ws/src/my_first_ros_rclcpp_pkg/install/my_first_ros_rclcpp_pkg/share/my_first_ros_rclcpp_pkg/environment/path.dsv
[12.162s] -- Up-to-date: /home/yu/colcon_ws/src/my_first_ros_rclcpp_pkg/install/my_first_ros_rclcpp_pkg/share/my_first_ros_rclcpp_pkg/local_setup.bash
[12.162s] -- Up-to-date: /home/yu/colcon_ws/src/my_first_ros_rclcpp_pkg/install/my_first_ros_rclcpp_pkg/share/my_first_ros_rclcpp_pkg/local_setup.sh
[12.162s] -- Up-to-date: /home/yu/colcon_ws/src/my_first_ros_rclcpp_pkg/install/my_first_ros_rclcpp_pkg/share/my_first_ros_rclcpp_pkg/local_setup.zsh
[12.162s] -- Installing: /home/yu/colcon_ws/src/my_first_ros_rclcpp_pkg/install/my_first_ros_rclcpp_pkg/share/my_first_ros_rclcpp_pkg/local_setup.dsv
[12.162s] -- Installing: /home/yu/colcon_ws/src/my_first_ros_rclcpp_pkg/install/my_first_ros_rclcpp_pkg/share/my_first_ros_rclcpp_pkg/package.dsv
[12.162s] -- Up-to-date: /home/yu/colcon_ws/src/my_first_ros_rclcpp_pkg/install/my_first_ros_rclcpp_pkg/share/ament_index/resource_index/packages/my_first_ros_rclcpp_pkg
[12.162s] -- Up-to-date: /home/yu/colcon_ws/src/my_first_ros_rclcpp_pkg/install/my_first_ros_rclcpp_pkg/share/my_first_ros_rclcpp_pkg/cmake/my_first_ros_rclcpp_pkgConfig.cmake
[12.162s] -- Up-to-date: /home/yu/colcon_ws/src/my_first_ros_rclcpp_pkg/install/my_first_ros_rclcpp_pkg/share/my_first_ros_rclcpp_pkg/cmake/my_first_ros_rclcpp_pkgConfig-version.cmake
[12.162s] -- Up-to-date: /home/yu/colcon_ws/src/my_first_ros_rclcpp_pkg/install/my_first_ros_rclcpp_pkg/share/my_first_ros_rclcpp_pkg/package.xml
[12.165s] Invoked command in '/home/yu/colcon_ws/src/my_first_ros_rclcpp_pkg/build/my_first_ros_rclcpp_pkg' returned '0': CMAKE_PREFIX_PATH=${CMAKE_PREFIX_PATH}:/opt/ros/humble /usr/bin/cmake --install /home/yu/colcon_ws/src/my_first_ros_rclcpp_pkg/build/my_first_ros_rclcpp_pkg
